Unknown configuration key throttle
vbam: could not connect to socket
vbam: No such file or directory
VBA-M (BBA) [SDL]
Searching for file vbam.cfg
Searching current directory: /home/ant/Downloads/HW9
Searching home directory: /home/ant/.vbam
Searching data directory: /usr/share/vbam
Searching system config directory: /etc
Reading configuration file.
Searching for file vba-over.ini
Searching current directory: /home/ant/Downloads/HW9
Searching home directory: /home/ant/.vbam
Searching data directory: /usr/share/vbam
Searching system config directory: /etc
vba-over.ini NOT FOUND (using emulator settings)
Trying patch WorldHardestGameAnt.ips
Trying patch WorldHardestGameAnt.ups
Trying patch WorldHardestGameAnt.ppf
Trying to start LIRC: Failed
Color depth: 32
Shutting down
23:29:15 06.04.2018: Wrote battery
